<?xml version="1.0" encoding="UTF-8"?>
<testsuite name="bio.knowledge.biolinkmodel.LibraryTest" tests="1" skipped="0" failures="0" errors="0" timestamp="2018-03-09T19:39:22" hostname="Lance-PC" time="0.001">
  <properties/>
  <testcase name="testSomeLibraryMethod" classname="bio.knowledge.biolinkmodel.LibraryTest" time="0.001"/>
  <system-out><![CDATA[]]></system-out>
  <system-err><![CDATA[]]></system-err>
</testsuite>
